[2025-07-25T20:27:53.666+0000] {taskinstance.py:1956} INFO - Dependencies all met for dep_context=non-requeueable deps ti=<TaskInstance: etl_receita_cnpj.executar_pipeline_cnpjs manual__2025-07-25T20:27:49.630763+00:00 [queued]>
[2025-07-25T20:27:53.699+0000] {taskinstance.py:1956} INFO - Dependencies all met for dep_context=requeueable deps ti=<TaskInstance: etl_receita_cnpj.executar_pipeline_cnpjs manual__2025-07-25T20:27:49.630763+00:00 [queued]>
[2025-07-25T20:27:53.712+0000] {taskinstance.py:2170} INFO - Starting attempt 1 of 1
[2025-07-25T20:27:53.765+0000] {taskinstance.py:2191} INFO - Executing <Task(PythonOperator): executar_pipeline_cnpjs> on 2025-07-25 20:27:49.630763+00:00
[2025-07-25T20:27:53.793+0000] {standard_task_runner.py:60} INFO - Started process 53 to run task
[2025-07-25T20:27:53.796+0000] {standard_task_runner.py:87} INFO - Running: ['***', 'tasks', 'run', 'etl_receita_cnpj', 'executar_pipeline_cnpjs', 'manual__2025-07-25T20:27:49.630763+00:00', '--job-id', '8', '--raw', '--subdir', 'DAGS_FOLDER/etl_receita_cnpj.py', '--cfg-path', '/tmp/tmpa425fmye']
[2025-07-25T20:27:53.808+0000] {standard_task_runner.py:88} INFO - Job 8: Subtask executar_pipeline_cnpjs
[2025-07-25T20:27:53.993+0000] {task_command.py:423} INFO - Running <TaskInstance: etl_receita_cnpj.executar_pipeline_cnpjs manual__2025-07-25T20:27:49.630763+00:00 [running]> on host e7e111e48eb7
[2025-07-25T20:27:54.297+0000] {taskinstance.py:2480} INFO - Exporting env vars: AIRFLOW_CTX_DAG_OWNER='***' AIRFLOW_CTX_DAG_ID='etl_receita_cnpj' AIRFLOW_CTX_TASK_ID='executar_pipeline_cnpjs' AIRFLOW_CTX_EXECUTION_DATE='2025-07-25T20:27:49.630763+00:00' AIRFLOW_CTX_TRY_NUMBER='1' AIRFLOW_CTX_DAG_RUN_ID='manual__2025-07-25T20:27:49.630763+00:00'
[2025-07-25T20:27:54.305+0000] {etl_receita_cnpj.py:30} INFO - 🚀 Iniciando pipeline para CNPJ: 27865757000102
[2025-07-25T20:27:54.683+0000] {logging_mixin.py:188} INFO - ✅ Dados baixados: data/27865757000102.json
[2025-07-25T20:27:54.718+0000] {etl_receita_cnpj.py:44} INFO - ✅ JSON salvo em: data/27865757000102.json
[2025-07-25T20:27:54.729+0000] {logging_mixin.py:188} INFO - ✅ CSV principal gerado: data/27865757000102_geral.csv
[2025-07-25T20:27:54.730+0000] {logging_mixin.py:188} INFO - ⚠️ Nenhum sócio encontrado para 27865757000102.
[2025-07-25T20:27:54.730+0000] {logging_mixin.py:188} INFO - ⚠️ Nenhum CNAE secundário encontrado para 27865757000102.
[2025-07-25T20:27:54.821+0000] {logging_mixin.py:188} INFO - ✅ Dados gravados no MongoDB para CNPJ: 27865757000102
[2025-07-25T20:27:54.823+0000] {etl_receita_cnpj.py:51} INFO - ✅ [27865757000102] - Pipeline finalizado com sucesso.
[2025-07-25T20:27:54.826+0000] {etl_receita_cnpj.py:30} INFO - 🚀 Iniciando pipeline para CNPJ: 00000000000191
[2025-07-25T20:27:55.161+0000] {logging_mixin.py:188} INFO - ✅ Dados baixados: data/00000000000191.json
[2025-07-25T20:27:55.228+0000] {etl_receita_cnpj.py:44} INFO - ✅ JSON salvo em: data/00000000000191.json
[2025-07-25T20:27:55.258+0000] {logging_mixin.py:188} INFO - ✅ CSV principal gerado: data/00000000000191_geral.csv
[2025-07-25T20:27:55.261+0000] {logging_mixin.py:188} INFO - ⚠️ Nenhum sócio encontrado para 00000000000191.
[2025-07-25T20:27:55.263+0000] {logging_mixin.py:188} INFO - ⚠️ Nenhum CNAE secundário encontrado para 00000000000191.
[2025-07-25T20:27:55.296+0000] {logging_mixin.py:188} INFO - ✅ Dados gravados no MongoDB para CNPJ: 00000000000191
[2025-07-25T20:27:55.297+0000] {etl_receita_cnpj.py:51} INFO - ✅ [00000000000191] - Pipeline finalizado com sucesso.
[2025-07-25T20:27:55.297+0000] {etl_receita_cnpj.py:53} INFO - 🏁 Pipeline finalizado para todos os CNPJs.
[2025-07-25T20:27:55.298+0000] {python.py:201} INFO - Done. Returned value was: Pipeline concluído
[2025-07-25T20:27:55.365+0000] {taskinstance.py:1138} INFO - Marking task as SUCCESS. dag_id=etl_receita_cnpj, task_id=executar_pipeline_cnpjs, execution_date=20250725T202749, start_date=20250725T202753, end_date=20250725T202755
[2025-07-25T20:27:55.549+0000] {local_task_job_runner.py:234} INFO - Task exited with return code 0
[2025-07-25T20:27:55.612+0000] {taskinstance.py:3280} INFO - 0 downstream tasks scheduled from follow-on schedule check
