[2025-07-25T20:10:24.161+0000] {taskinstance.py:1956} INFO - Dependencies all met for dep_context=non-requeueable deps ti=<TaskInstance: etl_receita_cnpj.executar_pipeline_cnpjs manual__2025-07-25T20:10:21.223086+00:00 [queued]>
[2025-07-25T20:10:24.179+0000] {taskinstance.py:1956} INFO - Dependencies all met for dep_context=requeueable deps ti=<TaskInstance: etl_receita_cnpj.executar_pipeline_cnpjs manual__2025-07-25T20:10:21.223086+00:00 [queued]>
[2025-07-25T20:10:24.181+0000] {taskinstance.py:2170} INFO - Starting attempt 1 of 1
[2025-07-25T20:10:24.206+0000] {taskinstance.py:2191} INFO - Executing <Task(PythonOperator): executar_pipeline_cnpjs> on 2025-07-25 20:10:21.223086+00:00
[2025-07-25T20:10:24.217+0000] {standard_task_runner.py:60} INFO - Started process 55 to run task
[2025-07-25T20:10:24.223+0000] {standard_task_runner.py:87} INFO - Running: ['***', 'tasks', 'run', 'etl_receita_cnpj', 'executar_pipeline_cnpjs', 'manual__2025-07-25T20:10:21.223086+00:00', '--job-id', '4', '--raw', '--subdir', 'DAGS_FOLDER/etl_receita_cnpj.py', '--cfg-path', '/tmp/tmpczy2mvms']
[2025-07-25T20:10:24.225+0000] {standard_task_runner.py:88} INFO - Job 4: Subtask executar_pipeline_cnpjs
[2025-07-25T20:10:24.331+0000] {task_command.py:423} INFO - Running <TaskInstance: etl_receita_cnpj.executar_pipeline_cnpjs manual__2025-07-25T20:10:21.223086+00:00 [running]> on host e7e111e48eb7
[2025-07-25T20:10:24.541+0000] {taskinstance.py:2480} INFO - Exporting env vars: AIRFLOW_CTX_DAG_OWNER='***' AIRFLOW_CTX_DAG_ID='etl_receita_cnpj' AIRFLOW_CTX_TASK_ID='executar_pipeline_cnpjs' AIRFLOW_CTX_EXECUTION_DATE='2025-07-25T20:10:21.223086+00:00' AIRFLOW_CTX_TRY_NUMBER='1' AIRFLOW_CTX_DAG_RUN_ID='manual__2025-07-25T20:10:21.223086+00:00'
[2025-07-25T20:10:24.544+0000] {etl_receita_cnpj.py:30} INFO - 🚀 Iniciando pipeline para CNPJ: 27865757000102
[2025-07-25T20:10:26.470+0000] {logging_mixin.py:188} INFO - ✅ Dados baixados: data/27865757000102.json
[2025-07-25T20:10:26.504+0000] {etl_receita_cnpj.py:44} INFO - ✅ JSON salvo em: data/27865757000102.json
[2025-07-25T20:10:26.563+0000] {logging_mixin.py:188} INFO - ✅ CSV gerado: data/27865757000102.csv
[2025-07-25T20:10:26.637+0000] {logging_mixin.py:188} INFO - ✅ Dados gravados no MongoDB para CNPJ: 27865757000102
[2025-07-25T20:10:26.638+0000] {etl_receita_cnpj.py:49} INFO - ✅ [27865757000102] - Pipeline finalizado com sucesso.
[2025-07-25T20:10:26.639+0000] {etl_receita_cnpj.py:30} INFO - 🚀 Iniciando pipeline para CNPJ: 00000000000191
[2025-07-25T20:10:26.787+0000] {logging_mixin.py:188} INFO - ✅ Dados baixados: data/00000000000191.json
[2025-07-25T20:10:26.820+0000] {etl_receita_cnpj.py:44} INFO - ✅ JSON salvo em: data/00000000000191.json
[2025-07-25T20:10:26.846+0000] {logging_mixin.py:188} INFO - ✅ CSV gerado: data/00000000000191.csv
[2025-07-25T20:10:26.884+0000] {logging_mixin.py:188} INFO - ✅ Dados gravados no MongoDB para CNPJ: 00000000000191
[2025-07-25T20:10:26.887+0000] {etl_receita_cnpj.py:49} INFO - ✅ [00000000000191] - Pipeline finalizado com sucesso.
[2025-07-25T20:10:26.887+0000] {etl_receita_cnpj.py:51} INFO - 🏁 Pipeline finalizado para todos os CNPJs.
[2025-07-25T20:10:26.888+0000] {python.py:201} INFO - Done. Returned value was: Pipeline concluído
[2025-07-25T20:10:26.947+0000] {taskinstance.py:1138} INFO - Marking task as SUCCESS. dag_id=etl_receita_cnpj, task_id=executar_pipeline_cnpjs, execution_date=20250725T201021, start_date=20250725T201024, end_date=20250725T201026
[2025-07-25T20:10:27.038+0000] {local_task_job_runner.py:234} INFO - Task exited with return code 0
[2025-07-25T20:10:27.128+0000] {taskinstance.py:3280} INFO - 0 downstream tasks scheduled from follow-on schedule check
